0 info it worked if it ends with ok
1 verbose cli [ '/usr/local/bin/node', '/usr/local/bin/npm', 'install', 'jade' ]
2 info using npm@2.14.2
3 info using node@v4.0.0
4 verbose install initial load of /Users/dihuynh/Development/bucketList/package.json
5 verbose stack Error: Failed to parse json
5 verbose stack Trailing comma in object at 23:3
5 verbose stack   },
5 verbose stack   ^
5 verbose stack     at parseError (/usr/local/lib/node_modules/npm/node_modules/read-package-json/read-json.js:379:11)
5 verbose stack     at parseJson (/usr/local/lib/node_modules/npm/node_modules/read-package-json/read-json.js:68:23)
5 verbose stack     at /usr/local/lib/node_modules/npm/node_modules/read-package-json/read-json.js:48:5
5 verbose stack     at FSReqWrap.readFileAfterClose [as oncomplete] (evalmachine.<anonymous>:380:3)
6 verbose cwd /Users/dihuynh/Development/bucketList/views
7 error Darwin 14.0.0
8 error argv "/usr/local/bin/node" "/usr/local/bin/npm" "install" "jade"
9 error node v4.0.0
10 error npm  v2.14.2
11 error file /Users/dihuynh/Development/bucketList/package.json
12 error code EJSONPARSE
13 error Failed to parse json
13 error Trailing comma in object at 23:3
13 error   },
13 error   ^
14 error File: /Users/dihuynh/Development/bucketList/package.json
15 error Failed to parse package.json data.
15 error package.json must be actual JSON, not just JavaScript.
15 error
15 error This is not a bug in npm.
15 error Tell the package author to fix their package.json file. JSON.parse
16 verbose exit [ 1, true ]
